app/build/outputs/logs/manifest-merger-google-debug-report.txt
-- Merging decision tree log ---
manifest
ADDED from src\main\AndroidManifest.xml:2:1-71:12
	xmlns:android
		ADDED from src\main\AndroidManifest.xml:2:11-69
	package
		ADDED from src\main\AndroidManifest.xml:3:5-46
		INJECTED from src\main\AndroidManifest.xml
		INJECTED from src\main\AndroidManifest.xml
	android:versionCode
		INJECTED from src\main\AndroidManifest.xml
		INJECTED from src\main\AndroidManifest.xml
uses-permission#com.android.alarm.permission.SET_ALARM
ADDED from src\main\AndroidManifest.xml:4:5-78
	android:name
		ADDED from src\main\AndroidManifest.xml:4:22-75
uses-permission#android.permission.SET_WALLPAPER
ADDED from src\main\AndroidManifest.xml:5:5-71
	android:name
		ADDED from src\main\AndroidManifest.xml:5:22-69
uses-permission#com.android.vending.BILLING
ADDED from src\main\AndroidManifest.xml:7:5-67
	android:name
		ADDED from src\main\AndroidManifest.xml:7:22-64
application
ADDED from src\main\AndroidManifest.xml:8:5-70:19
MERGED from [org.sufficientlysecure:donations:2.4] AndroidManifest.xml:11:5-20
MERGED from [com.android.support:support-v4:22.1.1] AndroidManifest.xml:22:5-20
	android:label
		ADDED from src\main\AndroidManifest.xml:10:9-41
	android:icon
		ADDED from src\main\AndroidManifest.xml:9:9-43
activity#com.crisFiApps.ubuntufourclocks.activities.Info
ADDED from src\main\AndroidManifest.xml:11:9-22:20
	android:label
		ADDED from src\main\AndroidManifest.xml:13:13-45
	android:name
		ADDED from src\main\AndroidManifest.xml:12:13-75
intent-filter#android.intent.action.MAIN+android.intent.category.LAUNCHER
ADDED from src\main\AndroidManifest.xml:14:13-17:29
action#android.intent.action.MAIN
ADDED from src\main\AndroidManifest.xml:15:17-69
	android:name
		ADDED from src\main\AndroidManifest.xml:15:25-66
category#android.intent.category.LAUNCHER
ADDED from src\main\AndroidManifest.xml:16:17-77
	android:name
		ADDED from src\main\AndroidManifest.xml:16:27-74
intent-filter#android.intent.action.SET_ALARM+android.intent.category.DEFAULT
ADDED from src\main\AndroidManifest.xml:18:4-21:29
action#android.intent.action.SET_ALARM
ADDED from src\main\AndroidManifest.xml:19:17-74
	android:name
		ADDED from src\main\AndroidManifest.xml:19:25-71
category#android.intent.category.DEFAULT
ADDED from src\main\AndroidManifest.xml:20:17-76
	android:name
		ADDED from src\main\AndroidManifest.xml:20:27-73
receiver#com.crisFiApps.ubuntufourclocks.widgets.WidgetUbuntu
ADDED from src\main\AndroidManifest.xml:23:9-32:20
	android:label
		ADDED from src\main\AndroidManifest.xml:25:13-48
	android:name
		ADDED from src\main\AndroidManifest.xml:24:13-80
intent-filter#android.appwidget.action.APPWIDGET_UPDATE
ADDED from src\main\AndroidManifest.xml:26:13-28:29
action#android.appwidget.action.APPWIDGET_UPDATE
ADDED from src\main\AndroidManifest.xml:27:17-84
	android:name
		ADDED from src\main\AndroidManifest.xml:27:25-81
meta-data#android.appwidget.provider
ADDED from src\main\AndroidManifest.xml:29:13-31:50
	android:resource
		ADDED from src\main\AndroidManifest.xml:31:17-47
	android:name
		ADDED from src\main\AndroidManifest.xml:30:17-58
receiver#com.crisFiApps.ubuntufourclocks.widgets.WidgetUbuntuBlue
ADDED from src\main\AndroidManifest.xml:33:3-42:20
	android:label
		ADDED from src\main\AndroidManifest.xml:35:13-52
	android:name
		ADDED from src\main\AndroidManifest.xml:34:13-84
receiver#com.crisFiApps.ubuntufourclocks.widgets.WidgetUbuntuRed
ADDED from src\main\AndroidManifest.xml:43:3-52:20
	android:label
		ADDED from src\main\AndroidManifest.xml:45:13-51
	android:name
		ADDED from src\main\AndroidManifest.xml:44:13-83
receiver#com.crisFiApps.ubuntufourclocks.widgets.WidgetUbuntuYellow
ADDED from src\main\AndroidManifest.xml:53:3-62:20
	android:label
		ADDED from src\main\AndroidManifest.xml:55:13-54
	android:name
		ADDED from src\main\AndroidManifest.xml:54:13-86
activity#com.crisFiApps.ubuntufourclocks.activities.Donations
ADDED from src\main\AndroidManifest.xml:63:9-69:20
	android:label
		ADDED from src\main\AndroidManifest.xml:65:13-38
	android:name
		ADDED from src\main\AndroidManifest.xml:64:13-49
intent-filter#android.intent.action.MAIN
ADDED from src\main\AndroidManifest.xml:66:13-68:29
uses-sdk
INJECTED from src\main\AndroidManifest.xml reason: use-sdk injection requested
MERGED from [org.sufficientlysecure:donations:2.4] AndroidManifest.xml:7:5-9:41
MERGED from [com.android.support:support-v4:22.1.1] AndroidManifest.xml:20:5-43
	android:targetSdkVersion
		INJECTED from src\main\AndroidManifest.xml
		INJECTED from src\main\AndroidManifest.xml
	android:minSdkVersion
		INJECTED from src\main\AndroidManifest.xml
		INJECTED from src\main\AndroidManifest.xml